{
  "stats": {
    "suites": 1,
    "tests": 1,
    "passes": 1,
    "pending": 0,
    "failures": 0,
    "start": "2024-10-05T06:31:58.296Z",
    "end": "2024-10-05T06:31:59.051Z",
    "duration": 755,
    "testsRegistered": 1,
    "passPercent": 100,
    "pendingPercent": 0,
    "other": 0,
    "hasOther": false,
    "skipped": 0,
    "hasSkipped": false
  },
  "results": [
    {
      "uuid": "5132c4ab-2fe8-4ea8-9a7e-439e29fae312",
      "title": "",
      "fullFile": "cypress\\Integration\\TestAPI\\reqres.cy.js",
      "file": "cypress\\Integration\\TestAPI\\reqres.cy.js",
      "beforeHooks": [],
      "afterHooks": [],
      "tests": [],
      "suites": [
        {
          "uuid": "2dcbaf3b-3bc2-46c5-b5f5-a88ea4f02f4b",
          "title": "ReqResAPI",
          "fullFile": "",
          "file": "",
          "beforeHooks": [],
          "afterHooks": [],
          "tests": [
            {
              "title": "POST",
              "fullTitle": "ReqResAPI POST",
              "timedOut": null,
              "duration": 733,
              "state": "passed",
              "speed": "fast",
              "pass": true,
              "fail": false,
              "pending": false,
              "context": null,
              "code": "cy.request({\n  method: \"POST\",\n  url: baseURL + \"api/users\",\n  body: {\n    \"name\": \"Divyang\",\n    \"job\": \"leader\"\n  }\n}).then(response => {\n  const res = JSON.parse(JSON.stringify(response.body));\n  id = res.id;\n  expect(response.status).to.eql(201);\n  cy.log(id);\n});",
              "err": {},
              "uuid": "dd561e60-20a7-47fd-a4c9-86e91db5991b",
              "parentUUID": "2dcbaf3b-3bc2-46c5-b5f5-a88ea4f02f4b",
              "isHook": false,
              "skipped": false
            }
          ],
          "suites": [],
          "passes": [
            "dd561e60-20a7-47fd-a4c9-86e91db5991b"
          ],
          "failures": [],
          "pending": [],
          "skipped": [],
          "duration": 733,
          "root": false,
          "rootEmpty": false,
          "_timeout": 2000
        }
      ],
      "passes": [],
      "failures": [],
      "pending": [],
      "skipped": [],
      "duration": 0,
      "root": true,
      "rootEmpty": true,
      "_timeout": 2000
    }
  ],
  "meta": {
    "mocha": {
      "version": "7.0.1"
    },
    "mochawesome": {
      "options": {
        "quiet": false,
        "reportFilename": "mochawesome",
        "saveHtml": false,
        "saveJson": true,
        "consoleReporter": "spec",
        "useInlineDiffs": false,
        "code": true
      },
      "version": "7.1.3"
    },
    "marge": {
      "options": {
        "reportDir": "cypress/reports",
        "overwrite": false,
        "html": false,
        "json": true
      },
      "version": "6.2.0"
    }
  }
}